[TRACE] 00:38:17 • [DependencyControl] Writing updated module data to config file...
[TRACE] 00:38:17 • [DependencyControl] Couldn't find config file 'F:\Github\Chaos-Child-FR\scripts\aegisub-portable\config\l0.DependencyControl.json'.
[TRACE] 00:38:17 • [DependencyControl] Config file 'F:\Github\Chaos-Child-FR\scripts\aegisub-portable\config\l0.DependencyControl.json' doesn't exist, yet. Will write a fresh copy containing the current configuration section.
[TRACE] 00:38:17 • [DependencyControl] Writing config file 'F:\Github\Chaos-Child-FR\scripts\aegisub-portable\config\l0.DependencyControl.json'...
[TRACE] 00:38:17 • [DependencyControl] Couldn't find config file 'F:\Github\Chaos-Child-FR\scripts\aegisub-portable\config\l0.FileOps.json'.
[TRACE] 00:38:17 • [DependencyControl] DependencyControl initialization took 0.016863 seconds so far...
[TRACE] 00:38:17 • [DependencyControl] Writing config file 'F:\Github\Chaos-Child-FR\scripts\aegisub-portable\config\l0.DependencyControl.json'...
[TRACE] 00:38:17 • [DependencyControl] Running scheduled update for module 'DependencyControl'...
[HINT] 00:38:17 • [DependencyControl] Starting update of module 'DependencyControl'... 
[TRACE] 00:38:17 • [DependencyControl] Writing config file 'F:\Github\Chaos-Child-FR\scripts\aegisub-portable\config\l0.DependencyControl.json'...
[HINT] 00:38:17 • [DependencyControl] Trying 1 candidate feeds (normal mode)...
— [HINT] 00:38:17 • [DependencyControl] Checking feed 1/1 (https://raw.githubusercontent.com/TypesettingTools/DependencyControl/master/DependencyControl.json)...
— [TRACE] 00:38:19 • [DependencyControl] Downloaded feed to F:\Github\Chaos-Child-FR\scripts\aegisub-portable\feedDump\l0.UpdateFeed_8BCE.json.
— [TRACE] 00:38:19 • [DependencyControl] Feed has no new update.
[HINT] 00:38:19 • [DependencyControl] Module 'DependencyControl' is up-to-date (v0.6.3).
[TRACE] 00:38:19 • [DependencyControl] Writing updated module data to config file...
[TRACE] 00:38:19 • [DependencyControl] Writing config file 'F:\Github\Chaos-Child-FR\scripts\aegisub-portable\config\l0.DependencyControl.json'...
[TRACE] 00:38:19 • [DependencyControl] DependencyControl initialization took 0.019295 seconds so far...
[TRACE] 00:38:19 • [DependencyControl] Writing config file 'F:\Github\Chaos-Child-FR\scripts\aegisub-portable\config\l0.DependencyControl.json'...
[TRACE] 00:38:19 • [DependencyControl] Running scheduled update for module 'DownloadManager'...
[HINT] 00:38:19 • [DependencyControl] Starting update of module 'DownloadManager'... 
[HINT] 00:38:19 • [DependencyControl] Trying 1 candidate feeds (normal mode)...
— [HINT] 00:38:19 • [DependencyControl] Checking feed 1/1 (https://raw.githubusercontent.com/TypesettingTools/ffi-experiments/master/DependencyControl.json)...
— [TRACE] 00:38:20 • [DependencyControl] Downloaded feed to F:\Github\Chaos-Child-FR\scripts\aegisub-portable\feedDump\l0.UpdateFeed_2C3F.json.
— [TRACE] 00:38:20 • [DependencyControl] Feed has no new update.
[HINT] 00:38:20 • [DependencyControl] Module 'DownloadManager' is up-to-date (v0.5.0).
[TRACE] 00:38:20 • [DependencyControl] Writing updated module data to config file...
[TRACE] 00:38:20 • [DependencyControl] Writing config file 'F:\Github\Chaos-Child-FR\scripts\aegisub-portable\config\l0.DependencyControl.json'...
[TRACE] 00:38:20 • [DependencyControl] DependencyControl initialization took 0.021907 seconds so far...
[TRACE] 00:38:20 • [DependencyControl] Writing config file 'F:\Github\Chaos-Child-FR\scripts\aegisub-portable\config\l0.DependencyControl.json'...
[TRACE] 00:38:20 • [DependencyControl] Running scheduled update for module 'BadMutex'...
[HINT] 00:38:20 • [DependencyControl] Starting update of module 'BadMutex'... 
[HINT] 00:38:20 • [DependencyControl] Trying 1 candidate feeds (normal mode)...
— [HINT] 00:38:20 • [DependencyControl] Checking feed 1/1 (https://raw.githubusercontent.com/TypesettingTools/ffi-experiments/master/DependencyControl.json)...
— [TRACE] 00:38:20 • [DependencyControl] Using cached feed.
— [TRACE] 00:38:20 • [DependencyControl] Feed has no new update.
[HINT] 00:38:20 • [DependencyControl] Module 'BadMutex' is up-to-date (v0.1.3).
[TRACE] 00:38:20 • [DependencyControl] Writing updated module data to config file...
[TRACE] 00:38:20 • [DependencyControl] Writing config file 'F:\Github\Chaos-Child-FR\scripts\aegisub-portable\config\l0.DependencyControl.json'...
[TRACE] 00:38:20 • [DependencyControl] DependencyControl initialization took 0.025223 seconds so far...
[TRACE] 00:38:20 • [DependencyControl] Writing config file 'F:\Github\Chaos-Child-FR\scripts\aegisub-portable\config\l0.DependencyControl.json'...
[TRACE] 00:38:20 • [DependencyControl] Running scheduled update for module 'PreciseTimer'...
[HINT] 00:38:20 • [DependencyControl] Starting update of module 'PreciseTimer'... 
[HINT] 00:38:20 • [DependencyControl] Trying 1 candidate feeds (normal mode)...
— [HINT] 00:38:20 • [DependencyControl] Checking feed 1/1 (https://raw.githubusercontent.com/TypesettingTools/ffi-experiments/master/DependencyControl.json)...
— [TRACE] 00:38:20 • [DependencyControl] Using cached feed.
— [TRACE] 00:38:20 • [DependencyControl] Feed has no new update.
[HINT] 00:38:20 • [DependencyControl] Module 'PreciseTimer' is up-to-date (v0.1.6).
[TRACE] 00:38:20 • [DependencyControl] Writing updated module data to config file...
[TRACE] 00:38:20 • [DependencyControl] Writing config file 'F:\Github\Chaos-Child-FR\scripts\aegisub-portable\config\l0.DependencyControl.json'...
[TRACE] 00:38:20 • [DependencyControl] DependencyControl initialization took 0.030039 seconds so far...
[TRACE] 00:38:20 • [DependencyControl] Writing config file 'F:\Github\Chaos-Child-FR\scripts\aegisub-portable\config\l0.DependencyControl.json'...
[TRACE] 00:38:20 • [DependencyControl] Running scheduled update for module 'requireffi'...
[HINT] 00:38:20 • [DependencyControl] Starting update of module 'requireffi'... 
[HINT] 00:38:20 • [DependencyControl] Trying 1 candidate feeds (normal mode)...
— [HINT] 00:38:20 • [DependencyControl] Checking feed 1/1 (https://raw.githubusercontent.com/TypesettingTools/ffi-experiments/master/DependencyControl.json)...
— [TRACE] 00:38:20 • [DependencyControl] Using cached feed.
— [TRACE] 00:38:20 • [DependencyControl] Feed has no new update.
[HINT] 00:38:20 • [DependencyControl] Module 'requireffi' is up-to-date (v0.1.2).
[TRACE] 00:38:20 • [DependencyControl] Writing config file 'F:\Github\Chaos-Child-FR\scripts\aegisub-portable\config\l0.DependencyControl.json'...
[TRACE] 00:38:20 • [DependencyControl] Writing updated macro data to config file...
[TRACE] 00:38:20 • [DependencyControl] Writing config file 'F:\Github\Chaos-Child-FR\scripts\aegisub-portable\config\l0.DependencyControl.json'...
[TRACE] 00:38:20 • [DependencyControl] DependencyControl initialization took 0.033313 seconds so far...
